Determining if the pthread_create exist failed with the following output:
Change Dir: /home/wvl/Desktop/CG/OpenGLFramework-master/cmake-build-debug/CMakeFiles/CMakeTmp

Run Build Command:"/usr/bin/gmake" "cmTC_5785e/fast"
/usr/bin/gmake -f CMakeFiles/cmTC_5785e.dir/build.make CMakeFiles/cmTC_5785e.dir/build
gmake[1]: Entering directory '/home/wvl/Desktop/CG/OpenGLFramework-master/cmake-build-debug/CMakeFiles/CMakeTmp'
Building C object CMakeFiles/cmTC_5785e.dir/CheckSymbolExists.c.o
/usr/bin/cc    -o CMakeFiles/cmTC_5785e.dir/CheckSymbolExists.c.o   -c /home/wvl/Desktop/CG/OpenGLFramework-master/cmake-build-debug/CMakeFiles/CMakeTmp/CheckSymbolExists.c
Linking C executable cmTC_5785e
/home/wvl/Downloads/clion-2018.2.5/bin/cmake/linux/bin/cmake -E cmake_link_script CMakeFiles/cmTC_5785e.dir/link.txt --verbose=1
/usr/bin/cc      -rdynamic CMakeFiles/cmTC_5785e.dir/CheckSymbolExists.c.o  -o cmTC_5785e 
CMakeFiles/cmTC_5785e.dir/CheckSymbolExists.c.o: In function `main':
CheckSymbolExists.c:(.text+0x16): undefined reference to `pthread_create'
collect2: error: ld returned 1 exit status
gmake[1]: *** [CMakeFiles/cmTC_5785e.dir/build.make:87: cmTC_5785e] Error 1
gmake[1]: Leaving directory '/home/wvl/Desktop/CG/OpenGLFramework-master/cmake-build-debug/CMakeFiles/CMakeTmp'
gmake: *** [Makefile:121: cmTC_5785e/fast] Error 2

File /home/wvl/Desktop/CG/OpenGLFramework-master/cmake-build-debug/CMakeFiles/CMakeTmp/CheckSymbolExists.c:
/* */
#include <pthread.h>

int main(int argc, char** argv)
{
  (void)argv;
#ifndef pthread_create
  return ((int*)(&pthread_create))[argc];
#else
  (void)argc;
  return 0;
#endif
}

Determining if the function pthread_create exists in the pthreads failed with the following output:
Change Dir: /home/wvl/Desktop/CG/OpenGLFramework-master/cmake-build-debug/CMakeFiles/CMakeTmp

Run Build Command:"/usr/bin/gmake" "cmTC_64427/fast"
/usr/bin/gmake -f CMakeFiles/cmTC_64427.dir/build.make CMakeFiles/cmTC_64427.dir/build
gmake[1]: Entering directory '/home/wvl/Desktop/CG/OpenGLFramework-master/cmake-build-debug/CMakeFiles/CMakeTmp'
Building C object CMakeFiles/cmTC_64427.dir/CheckFunctionExists.c.o
/usr/bin/cc   -DCHECK_FUNCTION_EXISTS=pthread_create   -o CMakeFiles/cmTC_64427.dir/CheckFunctionExists.c.o   -c /home/wvl/Downloads/clion-2018.2.5/bin/cmake/linux/share/cmake-3.12/Modules/CheckFunctionExists.c
Linking C executable cmTC_64427
/home/wvl/Downloads/clion-2018.2.5/bin/cmake/linux/bin/cmake -E cmake_link_script CMakeFiles/cmTC_64427.dir/link.txt --verbose=1
/usr/bin/cc  -DCHECK_FUNCTION_EXISTS=pthread_create    -rdynamic CMakeFiles/cmTC_64427.dir/CheckFunctionExists.c.o  -o cmTC_64427 -lpthreads 
/usr/bin/ld: cannot find -lpthreads
collect2: error: ld returned 1 exit status
gmake[1]: *** [CMakeFiles/cmTC_64427.dir/build.make:87: cmTC_64427] Error 1
gmake[1]: Leaving directory '/home/wvl/Desktop/CG/OpenGLFramework-master/cmake-build-debug/CMakeFiles/CMakeTmp'
gmake: *** [Makefile:121: cmTC_64427/fast] Error 2


Determining if the function glXGetProcAddressEXT exists failed with the following output:
Change Dir: /home/wvl/Desktop/CG/OpenGLFramework-master/cmake-build-debug/CMakeFiles/CMakeTmp

Run Build Command:"/usr/bin/gmake" "cmTC_03663/fast"
/usr/bin/gmake -f CMakeFiles/cmTC_03663.dir/build.make CMakeFiles/cmTC_03663.dir/build
gmake[1]: Entering directory '/home/wvl/Desktop/CG/OpenGLFramework-master/cmake-build-debug/CMakeFiles/CMakeTmp'
Building C object CMakeFiles/cmTC_03663.dir/CheckFunctionExists.c.o
/usr/bin/cc   -DCHECK_FUNCTION_EXISTS=glXGetProcAddressEXT   -o CMakeFiles/cmTC_03663.dir/CheckFunctionExists.c.o   -c /home/wvl/Downloads/clion-2018.2.5/bin/cmake/linux/share/cmake-3.12/Modules/CheckFunctionExists.c
Linking C executable cmTC_03663
/home/wvl/Downloads/clion-2018.2.5/bin/cmake/linux/bin/cmake -E cmake_link_script CMakeFiles/cmTC_03663.dir/link.txt --verbose=1
/usr/bin/cc  -DCHECK_FUNCTION_EXISTS=glXGetProcAddressEXT    -rdynamic CMakeFiles/cmTC_03663.dir/CheckFunctionExists.c.o  -o cmTC_03663 /usr/lib64/libGL.so 
CMakeFiles/cmTC_03663.dir/CheckFunctionExists.c.o: In function `main':
CheckFunctionExists.c:(.text+0x10): undefined reference to `glXGetProcAddressEXT'
collect2: error: ld returned 1 exit status
gmake[1]: *** [CMakeFiles/cmTC_03663.dir/build.make:88: cmTC_03663] Error 1
gmake[1]: Leaving directory '/home/wvl/Desktop/CG/OpenGLFramework-master/cmake-build-debug/CMakeFiles/CMakeTmp'
gmake: *** [Makefile:121: cmTC_03663/fast] Error 2


